{"/Users/muthupriya.palaniappan/Documents/calculator-api-automation/src/utils/calculatorApi.js": {"path":"/Users/muthupriya.palaniappan/Documents/calculator-api-automation/src/utils/calculatorApi.js","statementMap":{"0":{"start":{"line":3,"column":18},"end":{"line":3,"column":57}},"1":{"start":{"line":4,"column":31},"end":{"line":4,"column":52}},"2":{"start":{"line":7,"column":4},"end":{"line":19,"column":5}},"3":{"start":{"line":8,"column":25},"end":{"line":15,"column":10}},"4":{"start":{"line":16,"column":8},"end":{"line":16,"column":24}},"5":{"start":{"line":18,"column":8},"end":{"line":18,"column":21}}},"fnMap":{"0":{"name":"getCalculatorResult","decl":{"start":{"line":6,"column":22},"end":{"line":6,"column":41}},"loc":{"start":{"line":6,"column":62},"end":{"line":20,"column":1}},"line":6}},"branchMap":{},"s":{"0":6,"1":6,"2":42,"3":42,"4":29,"5":13},"f":{"0":42},"b":{},"_coverageSchema":"1a1c01bbd47fc00a2c39e90264f33305004495a9","hash":"3b0a54d2a298ac47b0abde1fe88b6f3535b6e7a4"}
}
