{"/Users/muthupriya.palaniappan/Documents/calculator-api-automation/src/utils/calculatorApi.js": {"path":"/Users/muthupriya.palaniappan/Documents/calculator-api-automation/src/utils/calculatorApi.js","statementMap":{"0":{"start":{"line":3,"column":18},"end":{"line":3,"column":57}},"1":{"start":{"line":4,"column":24},"end":{"line":4,"column":45}},"2":{"start":{"line":7,"column":21},"end":{"line":14,"column":6}},"3":{"start":{"line":15,"column":4},"end":{"line":15,"column":20}}},"fnMap":{"0":{"name":"getCalculatorResult","decl":{"start":{"line":6,"column":22},"end":{"line":6,"column":41}},"loc":{"start":{"line":6,"column":62},"end":{"line":16,"column":1}},"line":6}},"branchMap":{},"s":{"0":2,"1":2,"2":2,"3":2},"f":{"0":2},"b":{},"_coverageSchema":"1a1c01bbd47fc00a2c39e90264f33305004495a9","hash":"f626a39dc929109932be2da4a0c47120df6d9b49"}
}
